<?xml version="1.0" encoding="UTF-8"?>
<!-- Generated by org.testng.reporters.JUnitReportReporter -->
<testsuite hostname="abhijit" failures="0" tests="1" name="SWITCH_Windows.Bus" time="16.050" errors="0" timestamp="2023-07-03T12:50:06 IST" skipped="0">
  <testcase classname="SWITCH_Windows.Bus" name="bus" time="16.050"/>
  <system-out/>
</testsuite> <!-- SWITCH_Windows.Bus -->
